<?xml version="1.0" ?>
<coverage branch-rate="0.5081" branches-covered="126" branches-valid="248" complexity="0" line-rate="0.8074" lines-covered="1128" lines-valid="1397" timestamp="1590677031797" version="5.1">
	<!-- Generated by coverage.py: https://coverage.readthedocs.io -->
	<!-- Based on https://raw.githubusercontent.com/cobertura/web/master/htdocs/xml/coverage-04.dtd -->
	<sources>
		<source>/Users/grzch/PycharmProjects/django-getpaid/getpaid</source>
	</sources>
	<packages>
		<package branch-rate="0.2959" complexity="0" line-rate="0.75" name=".">
			<classes>
				<class branch-rate="1" complexity="0" filename="__init__.py" line-rate="1" name="__init__.py">
					<methods/>
					<lines>
						<line hits="1" number="1"/>
						<line hits="1" number="3"/>
						<line hits="1" number="4"/>
					</lines>
				</class>
				<class branch-rate="1" complexity="0" filename="admin.py" line-rate="1" name="admin.py">
					<methods/>
					<lines>
						<line hits="1" number="1"/>
						<line hits="1" number="3"/>
						<line branch="true" condition-coverage="100% (2/2)" hits="1" number="8"/>
						<line hits="1" number="9"/>
						<line hits="1" number="10"/>
						<line hits="1" number="21"/>
						<line hits="1" number="22"/>
					</lines>
				</class>
				<class branch-rate="1" complexity="0" filename="apps.py" line-rate="1" name="apps.py">
					<methods/>
					<lines>
						<line hits="1" number="1"/>
						<line hits="1" number="4"/>
						<line hits="1" number="5"/>
					</lines>
				</class>
				<class branch-rate="1" complexity="0" filename="exceptions.py" line-rate="1" name="exceptions.py">
					<methods/>
					<lines>
						<line hits="1" number="1"/>
						<line hits="1" number="2"/>
						<line hits="1" number="3"/>
						<line hits="1" number="4"/>
						<line hits="1" number="7"/>
						<line hits="1" number="8"/>
						<line hits="1" number="11"/>
						<line hits="1" number="12"/>
						<line hits="1" number="15"/>
						<line hits="1" number="16"/>
						<line hits="1" number="19"/>
						<line hits="1" number="20"/>
						<line hits="1" number="23"/>
						<line hits="1" number="24"/>
					</lines>
				</class>
				<class branch-rate="0" complexity="0" filename="forms.py" line-rate="0.4286" name="forms.py">
					<methods/>
					<lines>
						<line hits="1" number="1"/>
						<line hits="1" number="2"/>
						<line hits="1" number="3"/>
						<line hits="1" number="4"/>
						<line hits="1" number="6"/>
						<line hits="1" number="8"/>
						<line hits="1" number="11"/>
						<line hits="1" number="17"/>
						<line hits="1" number="21"/>
						<line hits="1" number="22"/>
						<line hits="1" number="23"/>
						<line hits="1" number="24"/>
						<line hits="1" number="30"/>
						<line hits="0" number="31"/>
						<line hits="0" number="33"/>
						<line hits="0" number="34"/>
						<line hits="0" number="35"/>
						<line branch="true" condition-coverage="0% (0/2)" hits="0" missing-branches="37,39" number="36"/>
						<line hits="0" number="37"/>
						<line hits="0" number="38"/>
						<line hits="0" number="39"/>
						<line hits="0" number="40"/>
						<line hits="0" number="46"/>
						<line branch="true" condition-coverage="0% (0/2)" hits="0" missing-branches="48,51" number="47"/>
						<line hits="0" number="48"/>
						<line hits="0" number="49"/>
						<line hits="0" number="51"/>
						<line hits="1" number="53"/>
						<line branch="true" condition-coverage="0% (0/2)" hits="0" missing-branches="55,57" number="54"/>
						<line branch="true" condition-coverage="0% (0/2)" hits="0" missing-branches="56,57" number="55"/>
						<line hits="0" number="56"/>
						<line hits="0" number="57"/>
						<line hits="1" number="59"/>
						<line hits="0" number="60"/>
						<line hits="0" number="61"/>
					</lines>
				</class>
				<class branch-rate="0.1818" complexity="0" filename="models.py" line-rate="0.6944" name="models.py">
					<methods/>
					<lines>
						<line hits="1" number="1"/>
						<line hits="1" number="2"/>
						<line hits="1" number="3"/>
						<line hits="1" number="4"/>
						<line hits="1" number="5"/>
						<line hits="1" number="7"/>
						<line hits="1" number="8"/>
						<line hits="1" number="9"/>
						<line hits="1" number="10"/>
						<line hits="1" number="11"/>
						<line hits="1" number="12"/>
						<line hits="1" number="13"/>
						<line hits="1" number="14"/>
						<line hits="1" number="15"/>
						<line hits="1" number="16"/>
						<line hits="1" number="17"/>
						<line hits="1" number="25"/>
						<line hits="1" number="26"/>
						<line hits="1" number="27"/>
						<line hits="1" number="28"/>
						<line hits="1" number="29"/>
						<line hits="1" number="30"/>
						<line hits="1" number="38"/>
						<line hits="1" number="41"/>
						<line hits="1" number="50"/>
						<line hits="1" number="51"/>
						<line hits="1" number="53"/>
						<line hits="0" number="61"/>
						<line hits="1" number="63"/>
						<line hits="1" number="70"/>
						<line branch="true" condition-coverage="0% (0/2)" hits="0" missing-branches="79,80" number="78"/>
						<line hits="0" number="79"/>
						<line hits="0" number="80"/>
						<line hits="1" number="82"/>
						<line hits="1" number="91"/>
						<line hits="1" number="99"/>
						<line hits="1" number="107"/>
						<line hits="1" number="115"/>
						<line hits="1" number="122"/>
						<line hits="1" number="123"/>
						<line hits="1" number="124"/>
						<line hits="1" number="130"/>
						<line hits="1" number="138"/>
						<line hits="1" number="139"/>
						<line hits="1" number="142"/>
						<line hits="1" number="143"/>
						<line hits="1" number="144"/>
						<line hits="1" number="147"/>
						<line hits="1" number="154"/>
						<line hits="1" number="161"/>
						<line hits="1" number="164"/>
						<line hits="1" number="167"/>
						<line hits="1" number="170"/>
						<line hits="1" number="173"/>
						<line hits="1" number="181"/>
						<line hits="1" number="182"/>
						<line hits="1" number="184"/>
						<line hits="1" number="186"/>
						<line hits="1" number="187"/>
						<line hits="1" number="188"/>
						<line hits="1" number="189"/>
						<line hits="1" number="190"/>
						<line hits="1" number="192"/>
						<line hits="0" number="193"/>
						<line hits="1" number="197"/>
						<line hits="1" number="198"/>
						<line branch="true" condition-coverage="50% (1/2)" hits="1" missing-branches="201" number="199"/>
						<line hits="1" number="200"/>
						<line hits="1" number="201"/>
						<line hits="1" number="203"/>
						<line hits="1" number="204"/>
						<line hits="1" number="205"/>
						<line hits="1" number="207"/>
						<line branch="true" condition-coverage="50% (1/2)" hits="1" missing-branches="218" number="214"/>
						<line hits="1" number="215"/>
						<line hits="0" number="218"/>
						<line hits="0" number="219"/>
						<line hits="1" number="220"/>
						<line hits="1" number="224"/>
						<line hits="1" number="229"/>
						<line hits="1" number="231"/>
						<line hits="1" number="243"/>
						<line hits="1" number="245"/>
						<line hits="1" number="246"/>
						<line hits="1" number="248"/>
						<line hits="0" number="255"/>
						<line hits="1" number="257"/>
						<line hits="0" number="264"/>
						<line hits="1" number="266"/>
						<line hits="1" number="280"/>
						<line hits="1" number="282"/>
						<line hits="1" number="289"/>
						<line hits="1" number="291"/>
						<line hits="1" number="292"/>
						<line hits="1" number="297"/>
						<line hits="1" number="298"/>
						<line branch="true" condition-coverage="50% (1/2)" hits="1" missing-branches="318" number="299"/>
						<line hits="1" number="300"/>
						<line hits="1" number="301"/>
						<line hits="1" number="302"/>
						<line branch="true" condition-coverage="50% (1/2)" hits="1" missing-branches="308" number="303"/>
						<line hits="1" number="304"/>
						<line hits="1" number="305"/>
						<line hits="1" number="306"/>
						<line hits="0" number="308"/>
						<line hits="0" number="316"/>
						<line hits="0" number="317"/>
						<line hits="1" number="318"/>
						<line hits="1" number="320"/>
						<line branch="true" condition-coverage="0% (0/2)" hits="0" missing-branches="322,324" number="321"/>
						<line hits="0" number="322"/>
						<line hits="0" number="324"/>
						<line branch="true" condition-coverage="0% (0/2)" hits="0" missing-branches="328,330" number="326"/>
						<line hits="0" number="328"/>
						<line hits="0" number="329"/>
						<line hits="0" number="330"/>
						<line hits="1" number="332"/>
						<line hits="0" number="333"/>
						<line hits="1" number="337"/>
						<line hits="1" number="346"/>
						<line hits="1" number="348"/>
						<line hits="0" number="358"/>
						<line hits="0" number="359"/>
						<line branch="true" condition-coverage="0% (0/2)" hits="0" missing-branches="361,375" number="360"/>
						<line hits="0" number="361"/>
						<line branch="true" condition-coverage="0% (0/2)" hits="0" missing-branches="exit,379" number="362"/>
						<line branch="true" condition-coverage="0% (0/2)" hits="0" missing-branches="376,378" number="375"/>
						<line hits="0" number="376"/>
						<line hits="0" number="378"/>
						<line hits="0" number="379"/>
						<line hits="1" number="381"/>
						<line hits="1" number="382"/>
						<line hits="1" number="387"/>
						<line hits="1" number="388"/>
						<line branch="true" condition-coverage="50% (1/2)" hits="1" missing-branches="396" number="394"/>
						<line hits="1" number="395"/>
						<line hits="1" number="396"/>
						<line hits="1" number="398"/>
						<line hits="1" number="399"/>
						<line branch="true" condition-coverage="0% (0/2)" hits="0" missing-branches="406,407" number="405"/>
						<line hits="0" number="406"/>
						<line branch="true" condition-coverage="0% (0/2)" hits="0" missing-branches="408,409" number="407"/>
						<line hits="0" number="408"/>
						<line hits="0" number="409"/>
						<line branch="true" condition-coverage="0% (0/2)" hits="0" missing-branches="411,421" number="410"/>
						<line hits="0" number="411"/>
						<line hits="0" number="412"/>
						<line hits="0" number="413"/>
						<line branch="true" condition-coverage="0% (0/2)" hits="0" missing-branches="415,417" number="414"/>
						<line hits="0" number="415"/>
						<line hits="0" number="417"/>
						<line branch="true" condition-coverage="0% (0/2)" hits="0" missing-branches="422,430" number="421"/>
						<line branch="true" condition-coverage="0% (0/2)" hits="0" missing-branches="423,425" number="422"/>
						<line hits="0" number="423"/>
						<line hits="0" number="425"/>
						<line hits="0" number="430"/>
						<line hits="0" number="431"/>
						<line hits="0" number="432"/>
						<line hits="1" number="434"/>
						<line hits="1" number="435"/>
						<line hits="1" number="441"/>
						<line hits="1" number="446"/>
						<line branch="true" condition-coverage="50% (1/2)" hits="1" missing-branches="456" number="452"/>
						<line branch="true" condition-coverage="100% (2/2)" hits="1" number="453"/>
						<line hits="1" number="454"/>
						<line hits="1" number="455"/>
						<line hits="1" number="456"/>
						<line hits="1" number="458"/>
						<line hits="1" number="459"/>
						<line hits="1" number="461"/>
						<line hits="1" number="464"/>
						<line hits="1" number="469"/>
						<line hits="1" number="470"/>
						<line hits="0" number="474"/>
						<line hits="0" number="475"/>
						<line hits="0" number="476"/>
						<line hits="1" number="478"/>
						<line hits="1" number="479"/>
						<line branch="true" condition-coverage="0% (0/2)" hits="0" missing-branches="486,487" number="485"/>
						<line hits="0" number="486"/>
						<line branch="true" condition-coverage="0% (0/2)" hits="0" missing-branches="488,489" number="487"/>
						<line hits="0" number="488"/>
						<line hits="0" number="489"/>
						<line hits="1" number="491"/>
						<line hits="1" number="492"/>
						<line hits="0" number="496"/>
						<line hits="1" number="498"/>
						<line hits="1" number="499"/>
						<line branch="true" condition-coverage="0% (0/2)" hits="0" missing-branches="506,507" number="505"/>
						<line hits="0" number="506"/>
						<line hits="0" number="507"/>
						<line hits="0" number="508"/>
						<line hits="1" number="510"/>
						<line hits="1" number="511"/>
						<line hits="1" number="513"/>
						<line hits="1" number="519"/>
						<line hits="1" number="524"/>
						<line hits="1" number="527"/>
						<line hits="1" number="535"/>
						<line hits="1" number="536"/>
						<line hits="0" number="537"/>
						<line hits="1" number="539"/>
						<line hits="1" number="540"/>
						<line hits="0" number="541"/>
						<line hits="1" number="543"/>
						<line hits="1" number="544"/>
						<line hits="0" number="545"/>
						<line hits="1" number="547"/>
						<line hits="1" number="548"/>
						<line hits="0" number="549"/>
						<line hits="1" number="551"/>
						<line hits="1" number="552"/>
						<line hits="0" number="553"/>
						<line hits="1" number="556"/>
						<line hits="1" number="557"/>
						<line hits="1" number="558"/>
					</lines>
				</class>
				<class branch-rate="1" complexity="0" filename="post_forms.py" line-rate="1" name="post_forms.py">
					<methods/>
					<lines>
						<line hits="1" number="1"/>
						<line hits="1" number="4"/>
						<line hits="1" number="5"/>
						<line hits="1" number="6"/>
						<line branch="true" condition-coverage="100% (2/2)" hits="1" number="8"/>
						<line hits="1" number="9"/>
					</lines>
				</class>
				<class branch-rate="0.5" complexity="0" filename="processor.py" line-rate="0.8137" name="processor.py">
					<methods/>
					<lines>
						<line hits="1" number="1"/>
						<line hits="1" number="2"/>
						<line hits="1" number="3"/>
						<line hits="1" number="4"/>
						<line hits="1" number="6"/>
						<line hits="1" number="7"/>
						<line hits="1" number="8"/>
						<line hits="1" number="9"/>
						<line hits="1" number="10"/>
						<line hits="1" number="11"/>
						<line hits="1" number="13"/>
						<line branch="true" condition-coverage="50% (1/2)" hits="1" missing-branches="16" number="15"/>
						<line hits="0" number="16"/>
						<line hits="1" number="18"/>
						<line hits="1" number="21"/>
						<line hits="1" number="22"/>
						<line hits="1" number="23"/>
						<line hits="1" number="24"/>
						<line hits="1" number="25"/>
						<line hits="1" number="26"/>
						<line hits="1" number="27"/>
						<line hits="1" number="28"/>
						<line hits="1" number="29"/>
						<line hits="1" number="30"/>
						<line hits="1" number="31"/>
						<line hits="1" number="32"/>
						<line hits="1" number="36"/>
						<line hits="1" number="37"/>
						<line hits="1" number="38"/>
						<line branch="true" condition-coverage="100% (2/2)" hits="1" number="39"/>
						<line hits="1" number="40"/>
						<line hits="1" number="42"/>
						<line hits="1" number="43"/>
						<line branch="true" condition-coverage="50% (1/2)" hits="1" missing-branches="46" number="44"/>
						<line hits="1" number="45"/>
						<line branch="true" condition-coverage="50% (1/2)" hits="1" missing-branches="47" number="46"/>
						<line hits="0" number="47"/>
						<line hits="0" number="48"/>
						<line hits="0" number="49"/>
						<line hits="1" number="50"/>
						<line hits="1" number="52"/>
						<line hits="1" number="53"/>
						<line hits="1" number="55"/>
						<line hits="1" number="56"/>
						<line hits="0" number="57"/>
						<line hits="1" number="59"/>
						<line hits="1" number="60"/>
						<line hits="1" number="61"/>
						<line hits="1" number="62"/>
						<line hits="1" number="63"/>
						<line branch="true" condition-coverage="100% (2/2)" hits="1" number="64"/>
						<line hits="1" number="65"/>
						<line hits="1" number="66"/>
						<line hits="1" number="68"/>
						<line hits="1" number="69"/>
						<line hits="0" number="70"/>
						<line hits="1" number="72"/>
						<line hits="1" number="73"/>
						<line hits="1" number="74"/>
						<line hits="1" number="76"/>
						<line hits="1" number="77"/>
						<line hits="0" number="78"/>
						<line hits="1" number="80"/>
						<line hits="1" number="81"/>
						<line branch="true" condition-coverage="0% (0/2)" hits="0" missing-branches="87,88" number="86"/>
						<line hits="0" number="87"/>
						<line hits="0" number="88"/>
						<line hits="0" number="89"/>
						<line hits="1" number="91"/>
						<line hits="1" number="92"/>
						<line branch="true" condition-coverage="50% (1/2)" hits="1" missing-branches="95" number="93"/>
						<line hits="1" number="94"/>
						<line branch="true" condition-coverage="50% (1/2)" hits="1" missing-branches="96" number="95"/>
						<line hits="0" number="96"/>
						<line branch="true" condition-coverage="50% (1/2)" hits="1" missing-branches="98" number="97"/>
						<line hits="0" number="98"/>
						<line hits="1" number="99"/>
						<line hits="1" number="101"/>
						<line hits="1" number="102"/>
						<line branch="true" condition-coverage="50% (1/2)" hits="1" missing-branches="105" number="103"/>
						<line hits="1" number="104"/>
						<line branch="true" condition-coverage="0% (0/2)" hits="0" missing-branches="106,109" number="105"/>
						<line hits="0" number="106"/>
						<line hits="0" number="107"/>
						<line hits="0" number="108"/>
						<line hits="0" number="109"/>
						<line hits="1" number="111"/>
						<line hits="1" number="116"/>
						<line hits="1" number="118"/>
						<line hits="1" number="123"/>
						<line branch="true" condition-coverage="50% (1/2)" hits="1" missing-branches="125" number="124"/>
						<line hits="0" number="125"/>
						<line hits="1" number="127"/>
						<line hits="1" number="129"/>
						<line hits="1" number="133"/>
						<line hits="1" number="134"/>
						<line hits="1" number="144"/>
						<line hits="1" number="153"/>
						<line hits="1" number="160"/>
						<line hits="1" number="171"/>
						<line hits="1" number="180"/>
						<line hits="1" number="190"/>
					</lines>
				</class>
				<class branch-rate="0.4167" complexity="0" filename="registry.py" line-rate="0.7568" name="registry.py">
					<methods/>
					<lines>
						<line hits="1" number="1"/>
						<line hits="1" number="3"/>
						<line hits="1" number="5"/>
						<line hits="1" number="8"/>
						<line hits="1" number="9"/>
						<line hits="1" number="10"/>
						<line hits="0" number="11"/>
						<line hits="1" number="12"/>
						<line hits="1" number="13"/>
						<line hits="1" number="16"/>
						<line hits="1" number="17"/>
						<line hits="1" number="18"/>
						<line hits="1" number="20"/>
						<line hits="1" number="21"/>
						<line hits="1" number="23"/>
						<line hits="1" number="24"/>
						<line hits="1" number="26"/>
						<line hits="0" number="27"/>
						<line hits="1" number="29"/>
						<line branch="true" condition-coverage="50% (1/2)" hits="1" missing-branches="36" number="33"/>
						<line hits="0" number="36"/>
						<line hits="1" number="38"/>
						<line hits="1" number="39"/>
						<line hits="1" number="41"/>
						<line hits="1" number="45"/>
						<line branch="true" condition-coverage="100% (2/2)" hits="1" number="46"/>
						<line hits="1" number="52"/>
						<line hits="0" number="56"/>
						<line branch="true" condition-coverage="0% (0/2)" hits="0" missing-branches="exit,exit" number="57"/>
						<line hits="1" number="63"/>
						<line branch="true" condition-coverage="100% (2/2)" hits="1" number="68"/>
						<line hits="1" number="77"/>
						<line hits="0" number="82"/>
						<line branch="true" condition-coverage="0% (0/2)" hits="0" missing-branches="84,85" number="83"/>
						<line hits="0" number="84"/>
						<line branch="true" condition-coverage="0% (0/2)" hits="0" missing-branches="exit,exit" number="85"/>
						<line hits="1" number="88"/>
					</lines>
				</class>
				<class branch-rate="1" complexity="0" filename="status.py" line-rate="1" name="status.py">
					<methods/>
					<lines>
						<line hits="1" number="1"/>
					</lines>
				</class>
				<class branch-rate="1" complexity="0" filename="types.py" line-rate="1" name="types.py">
					<methods/>
					<lines>
						<line hits="1" number="1"/>
						<line hits="1" number="2"/>
						<line hits="1" number="3"/>
						<line hits="1" number="5"/>
						<line hits="1" number="6"/>
						<line hits="1" number="7"/>
						<line hits="1" number="8"/>
						<line hits="1" number="11"/>
						<line hits="1" number="12"/>
						<line hits="1" number="13"/>
						<line hits="1" number="14"/>
						<line hits="1" number="15"/>
						<line hits="1" number="17"/>
						<line hits="1" number="19"/>
						<line hits="1" number="26"/>
						<line hits="1" number="31"/>
						<line hits="1" number="34"/>
						<line hits="1" number="39"/>
						<line hits="1" number="40"/>
						<line hits="1" number="41"/>
						<line hits="1" number="42"/>
						<line hits="1" number="43"/>
						<line hits="1" number="44"/>
						<line hits="1" number="45"/>
						<line hits="1" number="46"/>
						<line hits="1" number="47"/>
						<line hits="1" number="49"/>
						<line hits="1" number="51"/>
						<line hits="1" number="63"/>
						<line hits="1" number="68"/>
						<line hits="1" number="71"/>
						<line hits="1" number="72"/>
						<line hits="1" number="73"/>
						<line hits="1" number="74"/>
						<line hits="1" number="77"/>
						<line hits="1" number="78"/>
						<line hits="1" number="79"/>
						<line hits="1" number="82"/>
						<line hits="1" number="83"/>
						<line hits="1" number="84"/>
						<line hits="1" number="87"/>
						<line hits="1" number="88"/>
						<line hits="1" number="89"/>
						<line hits="1" number="90"/>
						<line hits="1" number="93"/>
						<line hits="1" number="94"/>
						<line hits="1" number="95"/>
						<line hits="1" number="96"/>
						<line hits="1" number="97"/>
						<line hits="1" number="100"/>
						<line hits="1" number="101"/>
						<line hits="1" number="102"/>
						<line hits="1" number="103"/>
						<line hits="1" number="106"/>
						<line hits="1" number="107"/>
						<line hits="1" number="108"/>
						<line hits="1" number="109"/>
						<line hits="1" number="110"/>
						<line hits="1" number="113"/>
						<line hits="1" number="114"/>
						<line hits="1" number="115"/>
						<line hits="1" number="116"/>
						<line hits="1" number="117"/>
						<line hits="1" number="120"/>
						<line hits="1" number="121"/>
						<line hits="1" number="122"/>
						<line hits="1" number="123"/>
						<line hits="1" number="124"/>
						<line hits="1" number="125"/>
						<line hits="1" number="126"/>
						<line hits="1" number="129"/>
						<line hits="1" number="130"/>
						<line hits="1" number="133"/>
						<line hits="1" number="134"/>
						<line hits="1" number="135"/>
						<line hits="1" number="136"/>
						<line hits="1" number="137"/>
						<line hits="1" number="138"/>
					</lines>
				</class>
				<class branch-rate="1" complexity="0" filename="urls.py" line-rate="1" name="urls.py">
					<methods/>
					<lines>
						<line hits="1" number="1"/>
						<line hits="1" number="3"/>
						<line hits="1" number="4"/>
						<line hits="1" number="6"/>
						<line hits="1" number="8"/>
					</lines>
				</class>
				<class branch-rate="0" complexity="0" filename="utils.py" line-rate="0" name="utils.py">
					<methods/>
					<lines>
						<line hits="0" number="1"/>
						<line hits="0" number="4"/>
						<line branch="true" condition-coverage="0% (0/2)" hits="0" missing-branches="6,10" number="5"/>
						<line branch="true" condition-coverage="0% (0/2)" hits="0" missing-branches="7,9" number="6"/>
						<line hits="0" number="7"/>
						<line hits="0" number="9"/>
						<line hits="0" number="10"/>
					</lines>
				</class>
				<class branch-rate="0" complexity="0" filename="validators.py" line-rate="0.2308" name="validators.py">
					<methods/>
					<lines>
						<line hits="1" number="1"/>
						<line hits="1" number="3"/>
						<line hits="1" number="6"/>
						<line hits="0" number="7"/>
						<line hits="0" number="8"/>
						<line hits="0" number="9"/>
						<line hits="0" number="10"/>
						<line branch="true" condition-coverage="0% (0/2)" hits="0" missing-branches="14,18" number="13"/>
						<line hits="0" number="14"/>
						<line hits="0" number="15"/>
						<line hits="0" number="16"/>
						<line hits="0" number="17"/>
						<line hits="0" number="18"/>
					</lines>
				</class>
				<class branch-rate="1" complexity="0" filename="views.py" line-rate="0.7297" name="views.py">
					<methods/>
					<lines>
						<line hits="1" number="1"/>
						<line hits="1" number="2"/>
						<line hits="1" number="3"/>
						<line hits="1" number="4"/>
						<line hits="1" number="5"/>
						<line hits="1" number="6"/>
						<line hits="1" number="8"/>
						<line hits="1" number="11"/>
						<line hits="1" number="12"/>
						<line hits="1" number="13"/>
						<line hits="1" number="15"/>
						<line hits="0" number="20"/>
						<line hits="1" number="22"/>
						<line hits="0" number="23"/>
						<line hits="0" number="24"/>
						<line hits="1" number="26"/>
						<line hits="0" number="27"/>
						<line hits="1" number="30"/>
						<line hits="1" number="33"/>
						<line hits="1" number="41"/>
						<line hits="1" number="42"/>
						<line hits="1" number="44"/>
						<line hits="0" number="45"/>
						<line hits="0" number="46"/>
						<line hits="0" number="48"/>
						<line hits="1" number="53"/>
						<line hits="1" number="54"/>
						<line hits="1" number="57"/>
						<line hits="1" number="60"/>
						<line hits="1" number="61"/>
						<line hits="1" number="64"/>
						<line hits="1" number="67"/>
						<line hits="1" number="73"/>
						<line hits="0" number="74"/>
						<line hits="0" number="75"/>
						<line hits="0" number="76"/>
						<line hits="1" number="79"/>
					</lines>
				</class>
			</classes>
		</package>
		<package branch-rate="1" complexity="0" line-rate="1" name="backends">
			<classes>
				<class branch-rate="1" complexity="0" filename="backends/__init__.py" line-rate="1" name="__init__.py">
					<methods/>
					<lines/>
				</class>
			</classes>
		</package>
		<package branch-rate="0.6667" complexity="0" line-rate="0.872" name="backends.dummy">
			<classes>
				<class branch-rate="1" complexity="0" filename="backends/dummy/__init__.py" line-rate="1" name="__init__.py">
					<methods/>
					<lines>
						<line hits="1" number="1"/>
						<line hits="1" number="3"/>
						<line hits="1" number="5"/>
					</lines>
				</class>
				<class branch-rate="0.5" complexity="0" filename="backends/dummy/apps.py" line-rate="0.9231" name="apps.py">
					<methods/>
					<lines>
						<line hits="1" number="1"/>
						<line hits="1" number="2"/>
						<line hits="1" number="3"/>
						<line hits="1" number="4"/>
						<line hits="1" number="7"/>
						<line hits="1" number="8"/>
						<line hits="1" number="9"/>
						<line hits="1" number="10"/>
						<line hits="1" number="12"/>
						<line branch="true" condition-coverage="50% (1/2)" hits="1" missing-branches="14" number="13"/>
						<line hits="0" number="14"/>
						<line hits="1" number="16"/>
						<line hits="1" number="18"/>
					</lines>
				</class>
				<class branch-rate="0.675" complexity="0" filename="backends/dummy/processor.py" line-rate="0.8624" name="processor.py">
					<methods/>
					<lines>
						<line hits="1" number="8"/>
						<line hits="1" number="9"/>
						<line hits="1" number="10"/>
						<line hits="1" number="11"/>
						<line hits="1" number="13"/>
						<line hits="1" number="14"/>
						<line hits="1" number="15"/>
						<line hits="1" number="16"/>
						<line hits="1" number="17"/>
						<line hits="1" number="18"/>
						<line hits="1" number="20"/>
						<line hits="1" number="21"/>
						<line hits="1" number="22"/>
						<line hits="1" number="24"/>
						<line hits="1" number="27"/>
						<line hits="1" number="28"/>
						<line hits="1" number="29"/>
						<line hits="1" number="30"/>
						<line hits="1" number="34"/>
						<line hits="1" number="35"/>
						<line hits="1" number="36"/>
						<line hits="1" number="37"/>
						<line hits="1" number="38"/>
						<line hits="1" number="39"/>
						<line hits="1" number="40"/>
						<line hits="1" number="41"/>
						<line hits="1" number="43"/>
						<line hits="1" number="44"/>
						<line hits="1" number="46"/>
						<line hits="1" number="47"/>
						<line hits="1" number="49"/>
						<line branch="true" condition-coverage="50% (1/2)" hits="1" missing-branches="53" number="50"/>
						<line hits="1" number="51"/>
						<line hits="0" number="53"/>
						<line branch="true" condition-coverage="100% (2/2)" hits="1" number="54"/>
						<line hits="1" number="55"/>
						<line hits="1" number="56"/>
						<line hits="1" number="58"/>
						<line hits="1" number="59"/>
						<line hits="1" number="60"/>
						<line branch="true" condition-coverage="50% (1/2)" hits="1" missing-branches="78" number="74"/>
						<line hits="1" number="75"/>
						<line branch="true" condition-coverage="100% (2/2)" hits="1" number="78"/>
						<line hits="1" number="81"/>
						<line hits="1" number="82"/>
						<line hits="1" number="83"/>
						<line hits="1" number="84"/>
						<line branch="true" condition-coverage="100% (2/2)" hits="1" number="85"/>
						<line hits="1" number="86"/>
						<line branch="true" condition-coverage="50% (1/2)" hits="1" missing-branches="90" number="87"/>
						<line hits="1" number="88"/>
						<line hits="1" number="89"/>
						<line hits="1" number="90"/>
						<line branch="true" condition-coverage="100% (2/2)" hits="1" number="91"/>
						<line hits="1" number="92"/>
						<line hits="1" number="93"/>
						<line hits="1" number="94"/>
						<line hits="1" number="95"/>
						<line hits="1" number="103"/>
						<line hits="1" number="104"/>
						<line hits="1" number="105"/>
						<line hits="1" number="107"/>
						<line hits="1" number="108"/>
						<line branch="true" condition-coverage="50% (1/2)" hits="1" missing-branches="110" number="109"/>
						<line hits="0" number="110"/>
						<line branch="true" condition-coverage="100% (2/2)" hits="1" number="111"/>
						<line hits="1" number="112"/>
						<line branch="true" condition-coverage="100% (2/2)" hits="1" number="113"/>
						<line hits="1" number="114"/>
						<line branch="true" condition-coverage="50% (1/2)" hits="1" missing-branches="125" number="115"/>
						<line branch="true" condition-coverage="50% (1/2)" hits="1" missing-branches="118" number="116"/>
						<line hits="1" number="117"/>
						<line branch="true" condition-coverage="50% (1/2)" hits="1" missing-branches="126" number="118"/>
						<line hits="1" number="119"/>
						<line branch="true" condition-coverage="50% (1/2)" hits="1" missing-branches="122" number="120"/>
						<line hits="1" number="121"/>
						<line branch="true" condition-coverage="0% (0/2)" hits="0" missing-branches="123,126" number="122"/>
						<line hits="0" number="123"/>
						<line hits="0" number="125"/>
						<line hits="1" number="126"/>
						<line hits="1" number="127"/>
						<line hits="1" number="129"/>
						<line hits="1" number="130"/>
						<line hits="1" number="131"/>
						<line branch="true" condition-coverage="50% (1/2)" hits="1" missing-branches="140" number="139"/>
						<line hits="0" number="140"/>
						<line hits="1" number="141"/>
						<line hits="1" number="142"/>
						<line branch="true" condition-coverage="100% (2/2)" hits="1" number="143"/>
						<line hits="1" number="144"/>
						<line branch="true" condition-coverage="100% (2/2)" hits="1" number="145"/>
						<line hits="1" number="146"/>
						<line branch="true" condition-coverage="50% (1/2)" hits="1" missing-branches="148" number="147"/>
						<line hits="0" number="148"/>
						<line branch="true" condition-coverage="50% (1/2)" hits="1" missing-branches="151" number="149"/>
						<line hits="1" number="150"/>
						<line hits="1" number="151"/>
						<line hits="1" number="153"/>
						<line hits="0" number="154"/>
						<line hits="0" number="155"/>
						<line hits="1" number="159"/>
						<line hits="0" number="160"/>
						<line hits="0" number="161"/>
						<line hits="1" number="165"/>
						<line hits="0" number="166"/>
						<line hits="0" number="167"/>
						<line hits="1" number="175"/>
						<line hits="0" number="176"/>
						<line hits="0" number="177"/>
					</lines>
				</class>
			</classes>
		</package>
		<package branch-rate="0.6765" complexity="0" line-rate="0.9307" name="backends.payu">
			<classes>
				<class branch-rate="1" complexity="0" filename="backends/payu/__init__.py" line-rate="1" name="__init__.py">
					<methods/>
					<lines>
						<line hits="1" number="1"/>
						<line hits="1" number="3"/>
						<line hits="1" number="5"/>
					</lines>
				</class>
				<class branch-rate="1" complexity="0" filename="backends/payu/apps.py" line-rate="1" name="apps.py">
					<methods/>
					<lines>
						<line hits="1" number="1"/>
						<line hits="1" number="2"/>
						<line hits="1" number="3"/>
						<line hits="1" number="6"/>
						<line hits="1" number="7"/>
						<line hits="1" number="8"/>
						<line hits="1" number="10"/>
						<line hits="1" number="11"/>
						<line hits="1" number="13"/>
					</lines>
				</class>
				<class branch-rate="0.3571" complexity="0" filename="backends/payu/callback_handler.py" line-rate="0.6471" name="callback_handler.py">
					<methods/>
					<lines>
						<line hits="1" number="1"/>
						<line hits="1" number="3"/>
						<line hits="1" number="5"/>
						<line hits="1" number="8"/>
						<line hits="1" number="9"/>
						<line hits="1" number="10"/>
						<line hits="1" number="12"/>
						<line branch="true" condition-coverage="50% (1/2)" hits="1" missing-branches="15" number="13"/>
						<line hits="1" number="14"/>
						<line branch="true" condition-coverage="0% (0/2)" hits="0" missing-branches="16,18" number="15"/>
						<line hits="0" number="16"/>
						<line hits="1" number="18"/>
						<line hits="1" number="20"/>
						<line hits="1" number="21"/>
						<line hits="1" number="22"/>
						<line branch="true" condition-coverage="100% (2/2)" hits="1" number="23"/>
						<line hits="1" number="24"/>
						<line branch="true" condition-coverage="100% (2/2)" hits="1" number="25"/>
						<line hits="1" number="26"/>
						<line branch="true" condition-coverage="50% (1/2)" hits="1" missing-branches="exit" number="27"/>
						<line hits="1" number="28"/>
						<line hits="1" number="30"/>
						<line hits="0" number="31"/>
						<line hits="0" number="32"/>
						<line branch="true" condition-coverage="0% (0/2)" hits="0" missing-branches="34,36" number="33"/>
						<line hits="0" number="34"/>
						<line hits="0" number="35"/>
						<line branch="true" condition-coverage="0% (0/2)" hits="0" missing-branches="exit,37" number="36"/>
						<line hits="0" number="37"/>
						<line hits="1" number="39"/>
						<line branch="true" condition-coverage="50% (1/2)" hits="1" missing-branches="45" number="40"/>
						<line hits="1" number="41"/>
						<line branch="true" condition-coverage="50% (1/2)" hits="1" missing-branches="exit" number="42"/>
						<line hits="1" number="43"/>
						<line hits="0" number="45"/>
						<line hits="1" number="53"/>
						<line branch="true" condition-coverage="50% (1/2)" hits="1" missing-branches="exit" number="54"/>
						<line hits="1" number="55"/>
						<line hits="1" number="57"/>
						<line branch="true" condition-coverage="50% (1/2)" hits="1" missing-branches="61" number="58"/>
						<line hits="1" number="59"/>
						<line hits="0" number="61"/>
						<line hits="1" number="69"/>
						<line branch="true" condition-coverage="0% (0/2)" hits="0" missing-branches="exit,71" number="70"/>
						<line hits="0" number="71"/>
						<line branch="true" condition-coverage="0% (0/2)" hits="0" missing-branches="exit,73" number="72"/>
						<line hits="0" number="73"/>
						<line hits="1" number="75"/>
						<line hits="0" number="76"/>
						<line branch="true" condition-coverage="0% (0/2)" hits="0" missing-branches="exit,78" number="77"/>
						<line hits="0" number="78"/>
					</lines>
				</class>
				<class branch-rate="0.8182" complexity="0" filename="backends/payu/client.py" line-rate="0.9459" name="client.py">
					<methods/>
					<lines>
						<line hits="1" number="1"/>
						<line hits="1" number="2"/>
						<line hits="1" number="3"/>
						<line hits="1" number="4"/>
						<line hits="1" number="5"/>
						<line hits="1" number="6"/>
						<line hits="1" number="7"/>
						<line hits="1" number="9"/>
						<line hits="1" number="10"/>
						<line hits="1" number="11"/>
						<line hits="1" number="13"/>
						<line hits="1" number="21"/>
						<line hits="1" number="22"/>
						<line hits="1" number="35"/>
						<line hits="1" number="36"/>
						<line branch="true" condition-coverage="50% (1/2)" hits="1" missing-branches="39" number="38"/>
						<line hits="0" number="39"/>
						<line hits="1" number="40"/>
						<line hits="1" number="42"/>
						<line hits="1" number="45"/>
						<line hits="1" number="46"/>
						<line hits="1" number="47"/>
						<line hits="1" number="58"/>
						<line hits="1" number="67"/>
						<line hits="1" number="68"/>
						<line hits="1" number="69"/>
						<line hits="1" number="70"/>
						<line hits="1" number="71"/>
						<line hits="1" number="72"/>
						<line hits="1" number="73"/>
						<line hits="1" number="74"/>
						<line hits="1" number="76"/>
						<line hits="1" number="77"/>
						<line hits="1" number="79"/>
						<line hits="1" number="80"/>
						<line hits="1" number="89"/>
						<line hits="1" number="90"/>
						<line hits="1" number="91"/>
						<line branch="true" condition-coverage="50% (1/2)" hits="1" missing-branches="104" number="99"/>
						<line hits="1" number="100"/>
						<line hits="1" number="101"/>
						<line hits="1" number="102"/>
						<line hits="0" number="104"/>
						<line hits="1" number="108"/>
						<line hits="1" number="109"/>
						<line hits="1" number="110"/>
						<line hits="1" number="111"/>
						<line hits="1" number="113"/>
						<line hits="1" number="114"/>
						<line hits="1" number="120"/>
						<line branch="true" condition-coverage="100% (2/2)" hits="1" number="121"/>
						<line branch="true" condition-coverage="100% (2/2)" hits="1" number="122"/>
						<line branch="true" condition-coverage="100% (2/2)" hits="1" number="126"/>
						<line branch="true" condition-coverage="100% (2/2)" hits="1" number="127"/>
						<line hits="1" number="128"/>
						<line hits="1" number="130"/>
						<line hits="1" number="131"/>
						<line hits="1" number="137"/>
						<line branch="true" condition-coverage="100% (2/2)" hits="1" number="138"/>
						<line branch="true" condition-coverage="100% (2/2)" hits="1" number="139"/>
						<line branch="true" condition-coverage="100% (2/2)" hits="1" number="143"/>
						<line branch="true" condition-coverage="100% (2/2)" hits="1" number="144"/>
						<line hits="1" number="145"/>
						<line hits="1" number="147"/>
						<line hits="1" number="148"/>
						<line branch="true" condition-coverage="50% (1/2)" hits="1" missing-branches="178" number="177"/>
						<line hits="0" number="178"/>
						<line hits="1" number="181"/>
						<line hits="1" number="182"/>
						<line branch="true" condition-coverage="100% (2/2)" hits="1" number="190"/>
						<line hits="1" number="191"/>
						<line branch="true" condition-coverage="100% (2/2)" hits="1" number="192"/>
						<line hits="1" number="193"/>
						<line branch="true" condition-coverage="100% (2/2)" hits="1" number="194"/>
						<line hits="1" number="195"/>
						<line branch="true" condition-coverage="50% (1/2)" hits="1" missing-branches="197" number="196"/>
						<line hits="0" number="197"/>
						<line hits="1" number="199"/>
						<line hits="1" number="201"/>
						<line hits="1" number="202"/>
						<line hits="1" number="203"/>
						<line hits="1" number="204"/>
						<line hits="1" number="205"/>
						<line branch="true" condition-coverage="100% (2/2)" hits="1" number="208"/>
						<line hits="1" number="209"/>
						<line hits="1" number="210"/>
						<line hits="1" number="214"/>
						<line hits="1" number="215"/>
						<line hits="1" number="222"/>
						<line hits="1" number="223"/>
						<line branch="true" condition-coverage="50% (1/2)" hits="1" missing-branches="225" number="224"/>
						<line hits="0" number="225"/>
						<line hits="1" number="226"/>
						<line hits="1" number="229"/>
						<line branch="true" condition-coverage="100% (2/2)" hits="1" number="232"/>
						<line hits="1" number="233"/>
						<line hits="1" number="234"/>
						<line hits="1" number="238"/>
						<line hits="1" number="239"/>
						<line hits="1" number="240"/>
						<line hits="1" number="241"/>
						<line branch="true" condition-coverage="50% (1/2)" hits="1" missing-branches="243" number="242"/>
						<line hits="0" number="243"/>
						<line hits="1" number="244"/>
						<line hits="1" number="248"/>
						<line hits="1" number="249"/>
						<line hits="1" number="250"/>
						<line hits="1" number="254"/>
						<line hits="1" number="255"/>
						<line hits="1" number="258"/>
						<line hits="1" number="260"/>
						<line hits="1" number="261"/>
						<line hits="1" number="262"/>
						<line hits="1" number="266"/>
						<line hits="1" number="267"/>
						<line hits="1" number="270"/>
						<line hits="1" number="272"/>
						<line hits="1" number="273"/>
						<line hits="1" number="298"/>
						<line hits="1" number="302"/>
						<line hits="1" number="311"/>
						<line hits="1" number="312"/>
						<line hits="1" number="315"/>
						<line hits="1" number="317"/>
						<line hits="1" number="318"/>
						<line hits="1" number="319"/>
						<line hits="1" number="320"/>
						<line hits="1" number="321"/>
						<line branch="true" condition-coverage="50% (1/2)" hits="1" missing-branches="323" number="322"/>
						<line hits="0" number="323"/>
						<line hits="1" number="324"/>
						<line hits="1" number="329"/>
						<line hits="1" number="330"/>
						<line hits="1" number="331"/>
						<line hits="1" number="332"/>
						<line branch="true" condition-coverage="100% (2/2)" hits="1" number="333"/>
						<line hits="1" number="334"/>
						<line hits="1" number="335"/>
						<line hits="1" number="337"/>
						<line hits="1" number="338"/>
						<line hits="1" number="341"/>
						<line hits="1" number="342"/>
						<line hits="1" number="350"/>
						<line hits="1" number="351"/>
						<line branch="true" condition-coverage="50% (1/2)" hits="1" missing-branches="353" number="352"/>
						<line hits="0" number="353"/>
						<line hits="1" number="354"/>
						<line hits="1" number="358"/>
					</lines>
				</class>
				<class branch-rate="0.75" complexity="0" filename="backends/payu/processor.py" line-rate="0.8993" name="processor.py">
					<methods/>
					<lines>
						<line hits="1" number="8"/>
						<line hits="1" number="9"/>
						<line hits="1" number="10"/>
						<line hits="1" number="11"/>
						<line hits="1" number="12"/>
						<line hits="1" number="14"/>
						<line hits="1" number="15"/>
						<line hits="1" number="16"/>
						<line hits="1" number="17"/>
						<line hits="1" number="18"/>
						<line hits="1" number="19"/>
						<line hits="1" number="20"/>
						<line hits="1" number="21"/>
						<line hits="1" number="23"/>
						<line hits="1" number="24"/>
						<line hits="1" number="25"/>
						<line hits="1" number="26"/>
						<line hits="1" number="27"/>
						<line hits="1" number="29"/>
						<line hits="1" number="30"/>
						<line hits="1" number="31"/>
						<line hits="1" number="33"/>
						<line hits="1" number="35"/>
						<line hits="1" number="45"/>
						<line hits="1" number="46"/>
						<line hits="1" number="47"/>
						<line branch="true" condition-coverage="100% (2/2)" hits="1" number="48"/>
						<line hits="1" number="49"/>
						<line hits="1" number="50"/>
						<line hits="1" number="51"/>
						<line hits="1" number="52"/>
						<line hits="1" number="53"/>
						<line hits="1" number="54"/>
						<line hits="1" number="55"/>
						<line hits="1" number="56"/>
						<line hits="1" number="57"/>
						<line hits="1" number="58"/>
						<line hits="1" number="59"/>
						<line hits="1" number="63"/>
						<line branch="true" condition-coverage="50% (1/2)" hits="1" missing-branches="67" number="65"/>
						<line hits="1" number="66"/>
						<line hits="0" number="67"/>
						<line hits="1" number="69"/>
						<line hits="1" number="71"/>
						<line hits="1" number="73"/>
						<line hits="1" number="74"/>
						<line branch="true" condition-coverage="100% (2/2)" hits="1" number="85"/>
						<line hits="1" number="86"/>
						<line hits="1" number="88"/>
						<line hits="1" number="90"/>
						<line hits="1" number="92"/>
						<line hits="1" number="93"/>
						<line hits="1" number="94"/>
						<line hits="1" number="98"/>
						<line hits="1" number="99"/>
						<line hits="1" number="100"/>
						<line hits="1" number="104"/>
						<line hits="1" number="105"/>
						<line branch="true" condition-coverage="100% (2/2)" hits="1" number="106"/>
						<line hits="1" number="107"/>
						<line hits="1" number="108"/>
						<line hits="1" number="110"/>
						<line hits="1" number="111"/>
						<line hits="1" number="112"/>
						<line branch="true" condition-coverage="100% (2/2)" hits="1" number="113"/>
						<line branch="true" condition-coverage="100% (2/2)" hits="1" number="114"/>
						<line hits="1" number="118"/>
						<line hits="1" number="119"/>
						<line hits="1" number="121"/>
						<line hits="1" number="122"/>
						<line hits="1" number="123"/>
						<line branch="true" condition-coverage="100% (2/2)" hits="1" number="124"/>
						<line branch="true" condition-coverage="100% (2/2)" hits="1" number="125"/>
						<line hits="1" number="126"/>
						<line hits="1" number="127"/>
						<line hits="1" number="129"/>
						<line hits="1" number="130"/>
						<line hits="1" number="131"/>
						<line branch="true" condition-coverage="100% (2/2)" hits="1" number="132"/>
						<line hits="1" number="133"/>
						<line hits="1" number="134"/>
						<line hits="1" number="135"/>
						<line hits="0" number="136"/>
						<line hits="0" number="137"/>
						<line hits="0" number="138"/>
						<line hits="0" number="139"/>
						<line hits="1" number="142"/>
						<line hits="1" number="143"/>
						<line branch="true" condition-coverage="50% (1/2)" hits="1" missing-branches="exit" number="144"/>
						<line hits="1" number="145"/>
						<line hits="1" number="148"/>
						<line hits="1" number="149"/>
						<line hits="1" number="150"/>
						<line hits="1" number="151"/>
						<line hits="1" number="157"/>
						<line hits="1" number="158"/>
						<line branch="true" condition-coverage="50% (1/2)" hits="1" missing-branches="164" number="159"/>
						<line hits="1" number="160"/>
						<line hits="1" number="161"/>
						<line hits="1" number="162"/>
						<line hits="0" number="164"/>
						<line hits="1" number="169"/>
						<line hits="1" number="170"/>
						<line hits="1" number="171"/>
						<line hits="1" number="172"/>
						<line hits="1" number="173"/>
						<line hits="1" number="174"/>
						<line hits="1" number="175"/>
						<line hits="1" number="176"/>
						<line hits="1" number="177"/>
						<line hits="1" number="179"/>
						<line hits="0" number="180"/>
						<line hits="0" number="181"/>
						<line branch="true" condition-coverage="0% (0/2)" hits="0" missing-branches="186,188" number="185"/>
						<line hits="0" number="186"/>
						<line hits="0" number="188"/>
						<line hits="1" number="190"/>
						<line hits="0" number="191"/>
						<line hits="0" number="192"/>
						<line branch="true" condition-coverage="0% (0/2)" hits="0" missing-branches="exit,194" number="193"/>
						<line hits="0" number="194"/>
						<line hits="1" number="196"/>
						<line hits="1" number="197"/>
						<line branch="true" condition-coverage="100% (2/2)" hits="1" number="200"/>
						<line hits="1" number="203"/>
						<line hits="1" number="204"/>
						<line hits="1" number="205"/>
						<line hits="1" number="206"/>
						<line hits="1" number="208"/>
						<line hits="1" number="209"/>
						<line hits="1" number="212"/>
						<line hits="1" number="214"/>
						<line hits="1" number="215"/>
						<line hits="1" number="216"/>
						<line hits="1" number="217"/>
						<line hits="1" number="219"/>
						<line hits="1" number="220"/>
						<line hits="1" number="227"/>
						<line hits="1" number="228"/>
						<line hits="1" number="230"/>
						<line hits="1" number="231"/>
						<line hits="1" number="232"/>
						<line hits="1" number="233"/>
						<line hits="1" number="234"/>
						<line hits="1" number="235"/>
						<line hits="1" number="236"/>
						<line hits="1" number="237"/>
						<line hits="1" number="238"/>
						<line hits="1" number="241"/>
					</lines>
				</class>
				<class branch-rate="1" complexity="0" filename="backends/payu/types.py" line-rate="1" name="types.py">
					<methods/>
					<lines>
						<line hits="1" number="1"/>
						<line hits="1" number="2"/>
						<line hits="1" number="3"/>
						<line hits="1" number="5"/>
						<line hits="1" number="8"/>
						<line hits="1" number="9"/>
						<line hits="1" number="10"/>
						<line branch="true" condition-coverage="100% (2/2)" hits="1" number="13"/>
						<line hits="1" number="14"/>
						<line hits="1" number="16"/>
						<line hits="1" number="17"/>
						<line hits="1" number="18"/>
						<line hits="1" number="19"/>
						<line hits="1" number="20"/>
						<line hits="1" number="22"/>
						<line hits="1" number="23"/>
						<line hits="1" number="24"/>
						<line hits="1" number="26"/>
						<line hits="1" number="27"/>
						<line hits="1" number="28"/>
						<line hits="1" number="29"/>
						<line hits="1" number="30"/>
						<line hits="1" number="31"/>
						<line hits="1" number="32"/>
						<line hits="1" number="33"/>
						<line hits="1" number="34"/>
						<line hits="1" number="35"/>
						<line hits="1" number="36"/>
						<line hits="1" number="37"/>
						<line hits="1" number="38"/>
						<line hits="1" number="39"/>
						<line hits="1" number="40"/>
						<line hits="1" number="41"/>
						<line hits="1" number="42"/>
						<line hits="1" number="43"/>
						<line hits="1" number="44"/>
						<line hits="1" number="45"/>
						<line hits="1" number="46"/>
						<line hits="1" number="47"/>
						<line hits="1" number="48"/>
						<line hits="1" number="49"/>
						<line hits="1" number="50"/>
						<line hits="1" number="51"/>
						<line hits="1" number="52"/>
						<line hits="1" number="53"/>
						<line hits="1" number="54"/>
						<line hits="1" number="55"/>
						<line hits="1" number="57"/>
						<line hits="1" number="58"/>
						<line hits="1" number="59"/>
						<line hits="1" number="60"/>
						<line hits="1" number="61"/>
						<line hits="1" number="62"/>
						<line hits="1" number="63"/>
						<line hits="1" number="64"/>
						<line hits="1" number="65"/>
						<line hits="1" number="66"/>
						<line hits="1" number="67"/>
						<line hits="1" number="68"/>
						<line hits="1" number="70"/>
						<line hits="1" number="71"/>
						<line hits="1" number="72"/>
						<line hits="1" number="73"/>
						<line hits="1" number="74"/>
						<line hits="1" number="75"/>
						<line hits="1" number="77"/>
						<line hits="1" number="78"/>
						<line hits="1" number="79"/>
						<line hits="1" number="80"/>
						<line hits="1" number="81"/>
						<line hits="1" number="82"/>
						<line hits="1" number="83"/>
						<line hits="1" number="85"/>
						<line hits="1" number="88"/>
						<line hits="1" number="89"/>
						<line hits="1" number="90"/>
						<line hits="1" number="91"/>
						<line hits="1" number="94"/>
						<line hits="1" number="95"/>
						<line hits="1" number="96"/>
						<line hits="1" number="99"/>
						<line hits="1" number="100"/>
						<line hits="1" number="101"/>
						<line hits="1" number="102"/>
						<line hits="1" number="103"/>
						<line hits="1" number="104"/>
						<line hits="1" number="105"/>
						<line hits="1" number="106"/>
						<line hits="1" number="107"/>
						<line hits="1" number="108"/>
						<line hits="1" number="109"/>
						<line hits="1" number="110"/>
						<line hits="1" number="111"/>
						<line hits="1" number="112"/>
						<line hits="1" number="113"/>
						<line hits="1" number="114"/>
						<line hits="1" number="117"/>
						<line hits="1" number="118"/>
						<line hits="1" number="119"/>
						<line hits="1" number="120"/>
						<line hits="1" number="121"/>
						<line hits="1" number="122"/>
						<line hits="1" number="123"/>
						<line hits="1" number="124"/>
						<line hits="1" number="125"/>
						<line hits="1" number="126"/>
						<line hits="1" number="127"/>
						<line hits="1" number="128"/>
						<line hits="1" number="129"/>
						<line hits="1" number="130"/>
						<line hits="1" number="131"/>
						<line hits="1" number="132"/>
						<line hits="1" number="133"/>
						<line hits="1" number="134"/>
						<line hits="1" number="135"/>
						<line hits="1" number="136"/>
						<line hits="1" number="137"/>
						<line hits="1" number="138"/>
						<line hits="1" number="139"/>
						<line hits="1" number="140"/>
						<line hits="1" number="141"/>
						<line hits="1" number="142"/>
						<line hits="1" number="145"/>
						<line hits="1" number="146"/>
						<line hits="1" number="147"/>
						<line hits="1" number="148"/>
						<line hits="1" number="149"/>
						<line hits="1" number="152"/>
						<line hits="1" number="153"/>
						<line hits="1" number="156"/>
						<line hits="1" number="157"/>
						<line hits="1" number="158"/>
						<line hits="1" number="159"/>
						<line hits="1" number="160"/>
						<line hits="1" number="161"/>
						<line hits="1" number="162"/>
						<line hits="1" number="163"/>
						<line hits="1" number="164"/>
						<line hits="1" number="165"/>
						<line hits="1" number="166"/>
						<line hits="1" number="169"/>
						<line hits="1" number="170"/>
						<line hits="1" number="171"/>
						<line hits="1" number="172"/>
						<line hits="1" number="173"/>
						<line hits="1" number="174"/>
						<line hits="1" number="175"/>
						<line hits="1" number="176"/>
						<line hits="1" number="177"/>
						<line hits="1" number="178"/>
						<line hits="1" number="181"/>
						<line hits="1" number="182"/>
						<line hits="1" number="183"/>
						<line hits="1" number="184"/>
						<line hits="1" number="185"/>
						<line hits="1" number="186"/>
						<line hits="1" number="189"/>
						<line hits="1" number="190"/>
						<line hits="1" number="191"/>
						<line hits="1" number="192"/>
						<line hits="1" number="195"/>
						<line hits="1" number="196"/>
						<line hits="1" number="197"/>
						<line hits="1" number="198"/>
						<line hits="1" number="199"/>
						<line hits="1" number="202"/>
						<line hits="1" number="203"/>
						<line hits="1" number="204"/>
						<line hits="1" number="205"/>
						<line hits="1" number="206"/>
						<line hits="1" number="207"/>
						<line hits="1" number="210"/>
						<line hits="1" number="211"/>
						<line hits="1" number="212"/>
						<line hits="1" number="215"/>
						<line hits="1" number="216"/>
						<line hits="1" number="217"/>
						<line hits="1" number="218"/>
						<line hits="1" number="219"/>
						<line hits="1" number="220"/>
						<line hits="1" number="221"/>
						<line hits="1" number="222"/>
						<line hits="1" number="223"/>
						<line hits="1" number="224"/>
						<line hits="1" number="225"/>
						<line hits="1" number="226"/>
						<line hits="1" number="227"/>
						<line hits="1" number="230"/>
						<line hits="1" number="231"/>
						<line hits="1" number="232"/>
						<line hits="1" number="235"/>
						<line hits="1" number="236"/>
						<line hits="1" number="237"/>
						<line hits="1" number="238"/>
						<line hits="1" number="241"/>
						<line hits="1" number="242"/>
						<line hits="1" number="243"/>
						<line hits="1" number="244"/>
						<line hits="1" number="245"/>
						<line hits="1" number="246"/>
						<line hits="1" number="249"/>
						<line hits="1" number="250"/>
						<line hits="1" number="251"/>
						<line hits="1" number="254"/>
						<line hits="1" number="255"/>
						<line hits="1" number="256"/>
						<line hits="1" number="257"/>
						<line hits="1" number="258"/>
						<line hits="1" number="259"/>
						<line hits="1" number="260"/>
						<line hits="1" number="261"/>
						<line hits="1" number="262"/>
						<line hits="1" number="265"/>
						<line hits="1" number="266"/>
						<line hits="1" number="267"/>
						<line hits="1" number="268"/>
						<line hits="1" number="271"/>
						<line hits="1" number="272"/>
						<line hits="1" number="273"/>
						<line hits="1" number="276"/>
						<line hits="1" number="277"/>
						<line hits="1" number="280"/>
						<line hits="1" number="281"/>
						<line hits="1" number="282"/>
						<line hits="1" number="285"/>
						<line hits="1" number="286"/>
						<line hits="1" number="287"/>
						<line hits="1" number="290"/>
						<line hits="1" number="291"/>
						<line hits="1" number="294"/>
						<line hits="1" number="295"/>
						<line hits="1" number="296"/>
					</lines>
				</class>
			</classes>
		</package>
		<package branch-rate="1" complexity="0" line-rate="1" name="migrations">
			<classes>
				<class branch-rate="1" complexity="0" filename="migrations/0001_initial.py" line-rate="1" name="0001_initial.py">
					<methods/>
					<lines>
						<line hits="1" number="3"/>
						<line hits="1" number="5"/>
						<line hits="1" number="6"/>
						<line hits="1" number="7"/>
						<line hits="1" number="10"/>
						<line hits="1" number="11"/>
						<line hits="1" number="12"/>
						<line hits="1" number="15"/>
						<line hits="1" number="16"/>
						<line hits="1" number="18"/>
						<line hits="1" number="20"/>
					</lines>
				</class>
				<class branch-rate="1" complexity="0" filename="migrations/0002_auto_20200417_2107.py" line-rate="1" name="0002_auto_20200417_2107.py">
					<methods/>
					<lines>
						<line hits="1" number="3"/>
						<line hits="1" number="4"/>
						<line hits="1" number="7"/>
						<line hits="1" number="9"/>
						<line hits="1" number="13"/>
					</lines>
				</class>
				<class branch-rate="1" complexity="0" filename="migrations/0003_payment_redirect_uri.py" line-rate="1" name="0003_payment_redirect_uri.py">
					<methods/>
					<lines>
						<line hits="1" number="3"/>
						<line hits="1" number="6"/>
						<line hits="1" number="8"/>
						<line hits="1" number="12"/>
					</lines>
				</class>
				<class branch-rate="1" complexity="0" filename="migrations/__init__.py" line-rate="1" name="__init__.py">
					<methods/>
					<lines/>
				</class>
			</classes>
		</package>
		<package branch-rate="0" complexity="0" line-rate="0.2747" name="rest_framework">
			<classes>
				<class branch-rate="1" complexity="0" filename="rest_framework/__init__.py" line-rate="1" name="__init__.py">
					<methods/>
					<lines/>
				</class>
				<class branch-rate="1" complexity="0" filename="rest_framework/apps.py" line-rate="0" name="apps.py">
					<methods/>
					<lines>
						<line hits="0" number="1"/>
						<line hits="0" number="4"/>
						<line hits="0" number="5"/>
					</lines>
				</class>
				<class branch-rate="1" complexity="0" filename="rest_framework/payment_creator.py" line-rate="0.3529" name="payment_creator.py">
					<methods/>
					<lines>
						<line hits="1" number="1"/>
						<line hits="1" number="3"/>
						<line hits="1" number="6"/>
						<line hits="1" number="7"/>
						<line hits="1" number="9"/>
						<line hits="0" number="10"/>
						<line hits="0" number="11"/>
						<line hits="1" number="13"/>
						<line hits="0" number="14"/>
						<line hits="0" number="18"/>
						<line hits="0" number="20"/>
						<line hits="0" number="21"/>
						<line hits="0" number="22"/>
						<line hits="0" number="23"/>
						<line hits="0" number="24"/>
						<line hits="0" number="25"/>
						<line hits="0" number="26"/>
					</lines>
				</class>
				<class branch-rate="0" complexity="0" filename="rest_framework/serializers.py" line-rate="0.5278" name="serializers.py">
					<methods/>
					<lines>
						<line hits="1" number="1"/>
						<line hits="1" number="2"/>
						<line hits="1" number="3"/>
						<line hits="1" number="5"/>
						<line hits="1" number="7"/>
						<line hits="1" number="8"/>
						<line hits="1" number="11"/>
						<line hits="1" number="17"/>
						<line hits="1" number="18"/>
						<line hits="1" number="19"/>
						<line hits="1" number="20"/>
						<line hits="1" number="22"/>
						<line hits="0" number="23"/>
						<line hits="0" number="25"/>
						<line hits="0" number="26"/>
						<line hits="0" number="27"/>
						<line hits="0" number="28"/>
						<line hits="0" number="29"/>
						<line hits="0" number="30"/>
						<line hits="0" number="31"/>
						<line hits="1" number="33"/>
						<line hits="0" number="34"/>
						<line hits="0" number="35"/>
						<line hits="0" number="36"/>
						<line hits="1" number="38"/>
						<line branch="true" condition-coverage="0% (0/2)" hits="0" missing-branches="exit,40" number="39"/>
						<line branch="true" condition-coverage="0% (0/2)" hits="0" missing-branches="exit,41" number="40"/>
						<line hits="0" number="41"/>
						<line hits="1" number="43"/>
						<line hits="0" number="44"/>
						<line hits="0" number="45"/>
						<line hits="0" number="46"/>
						<line hits="1" number="49"/>
						<line hits="1" number="50"/>
						<line hits="1" number="51"/>
						<line hits="1" number="52"/>
					</lines>
				</class>
				<class branch-rate="1" complexity="0" filename="rest_framework/urls.py" line-rate="0" name="urls.py">
					<methods/>
					<lines>
						<line hits="0" number="1"/>
						<line hits="0" number="2"/>
						<line hits="0" number="4"/>
						<line hits="0" number="6"/>
						<line hits="0" number="8"/>
						<line hits="0" number="9"/>
						<line hits="0" number="11"/>
						<line hits="0" number="14"/>
					</lines>
				</class>
				<class branch-rate="0" complexity="0" filename="rest_framework/views.py" line-rate="0" name="views.py">
					<methods/>
					<lines>
						<line hits="0" number="1"/>
						<line hits="0" number="2"/>
						<line hits="0" number="3"/>
						<line hits="0" number="4"/>
						<line hits="0" number="6"/>
						<line hits="0" number="7"/>
						<line hits="0" number="9"/>
						<line hits="0" number="10"/>
						<line hits="0" number="13"/>
						<line hits="0" number="14"/>
						<line hits="0" number="15"/>
						<line hits="0" number="16"/>
						<line hits="0" number="18"/>
						<line hits="0" number="19"/>
						<line hits="0" number="20"/>
						<line hits="0" number="22"/>
						<line hits="0" number="23"/>
						<line branch="true" condition-coverage="0% (0/2)" hits="0" missing-branches="25,26" number="24"/>
						<line hits="0" number="25"/>
						<line hits="0" number="26"/>
						<line hits="0" number="27"/>
						<line hits="0" number="30"/>
						<line hits="0" number="31"/>
						<line hits="0" number="32"/>
						<line hits="0" number="34"/>
						<line hits="0" number="35"/>
						<line hits="0" number="36"/>
					</lines>
				</class>
			</classes>
		</package>
		<package branch-rate="1" complexity="0" line-rate="0" name="templatetags">
			<classes>
				<class branch-rate="1" complexity="0" filename="templatetags/__init__.py" line-rate="1" name="__init__.py">
					<methods/>
					<lines/>
				</class>
				<class branch-rate="1" complexity="0" filename="templatetags/getpaid.py" line-rate="0" name="getpaid.py">
					<methods/>
					<lines>
						<line hits="0" number="1"/>
						<line hits="0" number="3"/>
						<line hits="0" number="5"/>
						<line hits="0" number="8"/>
						<line hits="0" number="14"/>
					</lines>
				</class>
			</classes>
		</package>
	</packages>
</coverage>
